2023-02-01 20:07:53,954 [Worker-5: Loading available Gradle versions] INFO  o.e.b.c.i.u.g.PublishedGradleVersions - Gradle version information cache is out-of-date. Trying to update.
2023-02-01 20:09:18,264 [Worker-2: Loading available Gradle versions] INFO  o.e.b.c.i.u.g.PublishedGradleVersions - Gradle version information cache is up-to-date. Trying to read.
2023-02-01 20:10:13,198 [Worker-10: Importing Maven projects] INFO  o.e.m.c.i.l.LifecycleMappingFactory - Using org.eclipse.m2e.jdt.JarLifecycleMapping lifecycle mapping for MavenProject: org.demoProject:DemoProject:1.0 @ D:\My ProJecct\CabBooking\CabBooking\pom.xml.
2023-02-01 20:10:17,660 [Worker-10: Importing Maven projects] INFO  o.e.m.j.i.AbstractJavaProjectConfigurator - Adding source folder /CabBooking/src/main/java
2023-02-01 20:10:17,661 [Worker-10: Importing Maven projects] INFO  o.e.m.j.i.AbstractJavaProjectConfigurator - Adding resource folder /CabBooking/src/main/resources
2023-02-01 20:10:17,662 [Worker-10: Importing Maven projects] INFO  o.e.m.j.i.AbstractJavaProjectConfigurator - Adding resource folder /CabBooking/src/main/resources
2023-02-01 20:10:17,664 [Worker-10: Importing Maven projects] INFO  o.e.m.j.i.AbstractJavaProjectConfigurator - Adding source folder /CabBooking/src/test/java
2023-02-01 20:10:18,531 [Worker-10: Importing Maven projects] INFO  o.e.m.c.i.p.ProjectConfigurationManager - Imported and configured 1 project(s) in 10 sec
2023-02-01 20:10:21,859 [Worker-8: Download sources and javadoc] INFO  o.e.m.c.i.e.AbstractTransferListenerAdapter - Downloading https://repo.maven.apache.org/maven2/org/apache/tomcat/embed/tomcat-embed-jasper/9.0.71/tomcat-embed-jasper-9.0.71-sources.jar
2023-02-01 20:10:27,999 [Worker-8: Download sources and javadoc] INFO  o.e.m.c.i.e.AbstractTransferListenerAdapter - Downloaded https://repo.maven.apache.org/maven2/org/apache/tomcat/embed/tomcat-embed-jasper/9.0.71/tomcat-embed-jasper-9.0.71-sources.jar
2023-02-01 20:10:28,052 [Worker-8: Download sources and javadoc] INFO  o.e.m.j.internal.DownloadSourcesJob - Downloaded sources for org.apache.tomcat.embed:tomcat-embed-jasper:9.0.71
2023-02-01 20:10:29,936 [Worker-8: Download sources and javadoc] INFO  o.e.m.c.i.e.AbstractTransferListenerAdapter - Downloading https://repo.maven.apache.org/maven2/org/apache/tomcat/tomcat-annotations-api/9.0.71/tomcat-annotations-api-9.0.71-sources.jar
2023-02-01 20:10:31,976 [Worker-8: Download sources and javadoc] INFO  o.e.m.c.i.e.AbstractTransferListenerAdapter - Downloaded https://repo.maven.apache.org/maven2/org/apache/tomcat/tomcat-annotations-api/9.0.71/tomcat-annotations-api-9.0.71-sources.jar
2023-02-01 20:10:31,982 [Worker-8: Download sources and javadoc] INFO  o.e.m.j.internal.DownloadSourcesJob - Downloaded sources for org.apache.tomcat:tomcat-annotations-api:9.0.71
2023-02-01 20:10:33,792 [Worker-8: Download sources and javadoc] INFO  o.e.m.c.i.e.AbstractTransferListenerAdapter - Downloading https://repo.maven.apache.org/maven2/org/eclipse/jdt/ecj/3.26.0/ecj-3.26.0-sources.jar
2023-02-01 20:11:47,695 [Worker-8: Download sources and javadoc] INFO  o.e.m.c.i.e.AbstractTransferListenerAdapter - Downloaded https://repo.maven.apache.org/maven2/org/eclipse/jdt/ecj/3.26.0/ecj-3.26.0-sources.jar
2023-02-01 20:11:47,699 [Worker-8: Download sources and javadoc] INFO  o.e.m.j.internal.DownloadSourcesJob - Downloaded sources for org.eclipse.jdt:ecj:3.26.0
2023-02-01 20:25:33,179 [Worker-7: Loading available Gradle versions] INFO  o.e.b.c.i.u.g.PublishedGradleVersions - Gradle version information cache is up-to-date. Trying to read.
2023-09-23 23:50:16,255 [Worker-5: Loading available Gradle versions] INFO  o.e.b.c.i.u.g.PublishedGradleVersions - Gradle version information cache is out-of-date. Trying to update.
2023-09-23 23:50:21,900 [Worker-0: Building] INFO  o.e.m.c.i.embedder.EclipseLogger - Using 'UTF-8' encoding to copy filtered resources.
2023-09-23 23:50:21,902 [Worker-0: Building] INFO  o.e.m.c.i.embedder.EclipseLogger - Using 'UTF-8' encoding to copy filtered properties files.
2023-09-23 23:50:21,913 [Worker-0: Building] INFO  o.e.m.c.i.embedder.EclipseLogger - Copying 1 resource
2023-09-23 23:50:22,007 [Worker-0: Building] INFO  o.e.m.c.i.embedder.EclipseLogger - Copying 0 resource
2023-09-23 23:50:22,021 [Worker-0: Building] INFO  o.e.m.c.i.embedder.EclipseLogger - Using 'UTF-8' encoding to copy filtered resources.
2023-09-23 23:50:22,021 [Worker-0: Building] INFO  o.e.m.c.i.embedder.EclipseLogger - Using 'UTF-8' encoding to copy filtered properties files.
2023-09-23 23:50:22,022 [Worker-0: Building] INFO  o.e.m.c.i.embedder.EclipseLogger - skip non existing resourceDirectory D:\My ProJecct\CabBooking\CabBooking\src\test\resources
2023-09-23 23:52:40,909 [Worker-4: Building] INFO  o.e.m.c.i.embedder.EclipseLogger - Using 'UTF-8' encoding to copy filtered resources.
2023-09-23 23:52:40,911 [Worker-4: Building] INFO  o.e.m.c.i.embedder.EclipseLogger - Using 'UTF-8' encoding to copy filtered properties files.
2023-09-23 23:52:40,912 [Worker-4: Building] INFO  o.e.m.c.i.embedder.EclipseLogger - Copying 0 resource
2023-09-23 23:52:40,912 [Worker-4: Building] INFO  o.e.m.c.i.embedder.EclipseLogger - Copying 0 resource
2023-09-23 23:52:40,915 [Worker-4: Building] INFO  o.e.m.c.i.embedder.EclipseLogger - Using 'UTF-8' encoding to copy filtered resources.
2023-09-23 23:52:40,915 [Worker-4: Building] INFO  o.e.m.c.i.embedder.EclipseLogger - Using 'UTF-8' encoding to copy filtered properties files.
2023-09-23 23:52:40,915 [Worker-4: Building] INFO  o.e.m.c.i.embedder.EclipseLogger - skip non existing resourceDirectory D:\My ProJecct\CabBooking\CabBooking\src\test\resources
2023-09-24 00:04:10,118 [Worker-18: Launching CabBooking - DemoProjectApplication] INFO  o.e.m.c.i.embedder.EclipseLogger - Using 'UTF-8' encoding to copy filtered resources.
2023-09-24 00:04:10,118 [Worker-18: Launching CabBooking - DemoProjectApplication] INFO  o.e.m.c.i.embedder.EclipseLogger - Using 'UTF-8' encoding to copy filtered properties files.
2023-09-24 00:04:10,124 [Worker-18: Launching CabBooking - DemoProjectApplication] INFO  o.e.m.c.i.embedder.EclipseLogger - Copying 1 resource
2023-09-24 00:04:10,166 [Worker-18: Launching CabBooking - DemoProjectApplication] INFO  o.e.m.c.i.embedder.EclipseLogger - Copying 0 resource
2023-09-24 00:04:10,172 [Worker-18: Launching CabBooking - DemoProjectApplication] INFO  o.e.m.c.i.embedder.EclipseLogger - Using 'UTF-8' encoding to copy filtered resources.
2023-09-24 00:04:10,172 [Worker-18: Launching CabBooking - DemoProjectApplication] INFO  o.e.m.c.i.embedder.EclipseLogger - Using 'UTF-8' encoding to copy filtered properties files.
2023-09-24 00:04:10,172 [Worker-18: Launching CabBooking - DemoProjectApplication] INFO  o.e.m.c.i.embedder.EclipseLogger - skip non existing resourceDirectory D:\My ProJecct\CabBooking\CabBooking\src\test\resources
2023-09-24 00:04:30,736 [Worker-18: Launching CabBooking - DemoProjectApplication] INFO  o.e.m.c.i.embedder.EclipseLogger - Using 'UTF-8' encoding to copy filtered resources.
2023-09-24 00:04:30,736 [Worker-18: Launching CabBooking - DemoProjectApplication] INFO  o.e.m.c.i.embedder.EclipseLogger - Using 'UTF-8' encoding to copy filtered properties files.
2023-09-24 00:04:30,736 [Worker-18: Launching CabBooking - DemoProjectApplication] INFO  o.e.m.c.i.embedder.EclipseLogger - Copying 1 resource
2023-09-24 00:04:30,769 [Worker-18: Launching CabBooking - DemoProjectApplication] INFO  o.e.m.c.i.embedder.EclipseLogger - Copying 0 resource
2023-09-24 00:04:30,772 [Worker-18: Launching CabBooking - DemoProjectApplication] INFO  o.e.m.c.i.embedder.EclipseLogger - Using 'UTF-8' encoding to copy filtered resources.
2023-09-24 00:04:30,772 [Worker-18: Launching CabBooking - DemoProjectApplication] INFO  o.e.m.c.i.embedder.EclipseLogger - Using 'UTF-8' encoding to copy filtered properties files.
2023-09-24 00:04:30,772 [Worker-18: Launching CabBooking - DemoProjectApplication] INFO  o.e.m.c.i.embedder.EclipseLogger - skip non existing resourceDirectory D:\My ProJecct\CabBooking\CabBooking\src\test\resources
2023-09-24 00:06:13,142 [Worker-2: Loading available Gradle versions] INFO  o.e.b.c.i.u.g.PublishedGradleVersions - Gradle version information cache is up-to-date. Trying to read.
